app/build/intermediates/manifest_merge_blame_file/debug/manifest-merger-blame-debug-report.txt
1<?xml version="1.0" encoding="utf-8"?>
2<manifest xmlns:android="http://schemas.android.com/apk/res/android"
3    package="com.proxorov.mvvmtry"
4    android:versionCode="1"
5    android:versionName="1.0" >
6
7    <uses-sdk
8        android:minSdkVersion="21"
8-->src\main\AndroidManifest.xml
9        android:targetSdkVersion="29" />
9-->src\main\AndroidManifest.xml
10
11    <uses-permission android:name="android.permission.INTERNET" />
11-->src\main\AndroidManifest.xml:5:5-67
11-->src\main\AndroidManifest.xml:5:22-64
12    <uses-permission android:name="android.permission.ACCESS_NETWORK_STATE" />
12-->src\main\AndroidManifest.xml:6:5-79
12-->src\main\AndroidManifest.xml:6:22-76
13
14    <!-- To store the heap dumps and leak analysis results. -->
15    <uses-permission android:name="android.permission.READ_EXTERNAL_STORAGE" />
15-->[com.squareup.leakcanary:leakcanary-android-core:2.0] AndroidManifest.xml:23:5-80
15-->[com.squareup.leakcanary:leakcanary-android-core:2.0] AndroidManifest.xml:23:22-77
16    <uses-permission android:name="android.permission.WRITE_EXTERNAL_STORAGE" /> <!-- To allow starting foreground services on Android P+ - https://developer.android.com/preview/behavior-changes#fg-svc -->
16-->[com.squareup.leakcanary:leakcanary-android-core:2.0] AndroidManifest.xml:24:5-81
16-->[com.squareup.leakcanary:leakcanary-android-core:2.0] AndroidManifest.xml:24:22-78
17    <uses-permission android:name="android.permission.FOREGROUND_SERVICE" />
17-->[com.squareup.leakcanary:leakcanary-android-core:2.0] AndroidManifest.xml:26:5-77
17-->[com.squareup.leakcanary:leakcanary-android-core:2.0] AndroidManifest.xml:26:22-74
18
19    <application
19-->src\main\AndroidManifest.xml:8:5-24:19
20        android:name="com.proxorov.mvvmtry.presentation.App"
20-->src\main\AndroidManifest.xml:9:9-41
21        android:allowBackup="true"
21-->src\main\AndroidManifest.xml:11:9-35
22        android:appComponentFactory="androidx.core.app.CoreComponentFactory"
22-->[androidx.core:core:1.2.0] AndroidManifest.xml:24:18-86
23        android:debuggable="true"
24        android:icon="@mipmap/ic_launcher"
24-->src\main\AndroidManifest.xml:12:9-43
25        android:label="@string/app_name"
25-->src\main\AndroidManifest.xml:13:9-41
26        android:networkSecurityConfig="@xml/network_security_config"
26-->src\main\AndroidManifest.xml:10:9-69
27        android:roundIcon="@mipmap/ic_launcher_round"
27-->src\main\AndroidManifest.xml:14:9-54
28        android:supportsRtl="true"
28-->src\main\AndroidManifest.xml:15:9-35
29        android:theme="@style/AppTheme" >
29-->src\main\AndroidManifest.xml:16:9-40
30        <activity android:name="com.proxorov.mvvmtry.presentation.ui.MainActivity" >
30-->src\main\AndroidManifest.xml:17:9-23:20
30-->src\main\AndroidManifest.xml:17:19-83
31            <intent-filter>
31-->src\main\AndroidManifest.xml:18:13-22:29
32                <action android:name="android.intent.action.MAIN" />
32-->src\main\AndroidManifest.xml:19:17-69
32-->src\main\AndroidManifest.xml:19:25-66
33
34                <category android:name="android.intent.category.LAUNCHER" />
34-->src\main\AndroidManifest.xml:21:17-77
34-->src\main\AndroidManifest.xml:21:27-74
35            </intent-filter>
36        </activity>
37
38        <service
38-->[com.squareup.leakcanary:leakcanary-android:2.0] AndroidManifest.xml:23:9-25:40
39            android:name="leakcanary.internal.HeapAnalyzerService"
39-->[com.squareup.leakcanary:leakcanary-android:2.0] AndroidManifest.xml:24:13-67
40            android:exported="false" />
40-->[com.squareup.leakcanary:leakcanary-android:2.0] AndroidManifest.xml:25:13-37
41        <service
41-->[androidx.room:room-runtime:2.2.4] AndroidManifest.xml:25:9-27:40
42            android:name="androidx.room.MultiInstanceInvalidationService"
42-->[androidx.room:room-runtime:2.2.4] AndroidManifest.xml:26:13-74
43            android:exported="false" />
43-->[androidx.room:room-runtime:2.2.4] AndroidManifest.xml:27:13-37
44
45        <provider
45-->[androidx.lifecycle:lifecycle-process:2.2.0] AndroidManifest.xml:25:9-29:43
46            android:name="androidx.lifecycle.ProcessLifecycleOwnerInitializer"
46-->[androidx.lifecycle:lifecycle-process:2.2.0] AndroidManifest.xml:26:13-79
47            android:authorities="com.proxorov.mvvmtry.lifecycle-process"
47-->[androidx.lifecycle:lifecycle-process:2.2.0] AndroidManifest.xml:27:13-69
48            android:exported="false"
48-->[androidx.lifecycle:lifecycle-process:2.2.0] AndroidManifest.xml:28:13-37
49            android:multiprocess="true" />
49-->[androidx.lifecycle:lifecycle-process:2.2.0] AndroidManifest.xml:29:13-40
50        <provider
50-->[com.squareup.leakcanary:leakcanary-android-core:2.0] AndroidManifest.xml:29:9-37:20
51            android:name="leakcanary.internal.LeakCanaryFileProvider"
51-->[com.squareup.leakcanary:leakcanary-android-core:2.0] AndroidManifest.xml:30:13-70
52            android:authorities="com.squareup.leakcanary.fileprovider.com.proxorov.mvvmtry"
52-->[com.squareup.leakcanary:leakcanary-android-core:2.0] AndroidManifest.xml:31:13-88
53            android:exported="false"
53-->[com.squareup.leakcanary:leakcanary-android-core:2.0] AndroidManifest.xml:32:13-37
54            android:grantUriPermissions="true" >
54-->[com.squareup.leakcanary:leakcanary-android-core:2.0] AndroidManifest.xml:33:13-47
55            <meta-data
55-->[com.squareup.leakcanary:leakcanary-android-core:2.0] AndroidManifest.xml:34:13-36:66
56                android:name="android.support.FILE_PROVIDER_PATHS"
56-->[com.squareup.leakcanary:leakcanary-android-core:2.0] AndroidManifest.xml:35:17-67
57                android:resource="@xml/leak_canary_file_paths" />
57-->[com.squareup.leakcanary:leakcanary-android-core:2.0] AndroidManifest.xml:36:17-63
58        </provider>
59
60        <activity
60-->[com.squareup.leakcanary:leakcanary-android-core:2.0] AndroidManifest.xml:39:9-44:66
61            android:name="leakcanary.internal.activity.LeakActivity"
61-->[com.squareup.leakcanary:leakcanary-android-core:2.0] AndroidManifest.xml:40:13-69
62            android:icon="@mipmap/leak_canary_icon"
62-->[com.squareup.leakcanary:leakcanary-android-core:2.0] AndroidManifest.xml:41:13-52
63            android:label="@string/leak_canary_display_activity_label"
63-->[com.squareup.leakcanary:leakcanary-android-core:2.0] AndroidManifest.xml:42:13-71
64            android:taskAffinity="com.squareup.leakcanary.com.proxorov.mvvmtry"
64-->[com.squareup.leakcanary:leakcanary-android-core:2.0] AndroidManifest.xml:43:13-76
65            android:theme="@style/leak_canary_LeakCanary.Base" />
65-->[com.squareup.leakcanary:leakcanary-android-core:2.0] AndroidManifest.xml:44:13-63
66
67        <activity-alias
67-->[com.squareup.leakcanary:leakcanary-android-core:2.0] AndroidManifest.xml:46:9-59:26
68            android:name="leakcanary.internal.activity.LeakLauncherActivity"
68-->[com.squareup.leakcanary:leakcanary-android-core:2.0] AndroidManifest.xml:47:13-77
69            android:enabled="@bool/leak_canary_add_launcher_icon"
69-->[com.squareup.leakcanary:leakcanary-android-core:2.0] AndroidManifest.xml:48:13-66
70            android:icon="@mipmap/leak_canary_icon"
70-->[com.squareup.leakcanary:leakcanary-android-core:2.0] AndroidManifest.xml:49:13-52
71            android:label="@string/leak_canary_display_activity_label"
71-->[com.squareup.leakcanary:leakcanary-android-core:2.0] AndroidManifest.xml:50:13-71
72            android:targetActivity="leakcanary.internal.activity.LeakActivity"
72-->[com.squareup.leakcanary:leakcanary-android-core:2.0] AndroidManifest.xml:51:13-79
73            android:taskAffinity="com.squareup.leakcanary.com.proxorov.mvvmtry"
73-->[com.squareup.leakcanary:leakcanary-android-core:2.0] AndroidManifest.xml:52:13-76
74            android:theme="@style/leak_canary_LeakCanary.Base" >
74-->[com.squareup.leakcanary:leakcanary-android-core:2.0] AndroidManifest.xml:53:13-63
75            <intent-filter>
75-->src\main\AndroidManifest.xml:18:13-22:29
76                <action android:name="android.intent.action.MAIN" />
76-->src\main\AndroidManifest.xml:19:17-69
76-->src\main\AndroidManifest.xml:19:25-66
77
78                <category android:name="android.intent.category.LAUNCHER" />
78-->src\main\AndroidManifest.xml:21:17-77
78-->src\main\AndroidManifest.xml:21:27-74
79            </intent-filter>
80        </activity-alias>
81
82        <activity
82-->[com.squareup.leakcanary:leakcanary-android-core:2.0] AndroidManifest.xml:61:9-67:68
83            android:name="leakcanary.internal.RequestStoragePermissionActivity"
83-->[com.squareup.leakcanary:leakcanary-android-core:2.0] AndroidManifest.xml:62:13-80
84            android:excludeFromRecents="true"
84-->[com.squareup.leakcanary:leakcanary-android-core:2.0] AndroidManifest.xml:63:13-46
85            android:icon="@mipmap/leak_canary_icon"
85-->[com.squareup.leakcanary:leakcanary-android-core:2.0] AndroidManifest.xml:64:13-52
86            android:label="@string/leak_canary_storage_permission_activity_label"
86-->[com.squareup.leakcanary:leakcanary-android-core:2.0] AndroidManifest.xml:65:13-82
87            android:taskAffinity="com.squareup.leakcanary.com.proxorov.mvvmtry"
87-->[com.squareup.leakcanary:leakcanary-android-core:2.0] AndroidManifest.xml:66:13-76
88            android:theme="@style/leak_canary_Theme.Transparent" />
88-->[com.squareup.leakcanary:leakcanary-android-core:2.0] AndroidManifest.xml:67:13-65
89
90        <receiver android:name="leakcanary.internal.NotificationReceiver" />
90-->[com.squareup.leakcanary:leakcanary-android-core:2.0] AndroidManifest.xml:69:9-77
90-->[com.squareup.leakcanary:leakcanary-android-core:2.0] AndroidManifest.xml:69:19-74
91
92        <provider
92-->[com.squareup.leakcanary:leakcanary-object-watcher-android:2.0] AndroidManifest.xml:8:9-11:40
93            android:name="leakcanary.internal.AppWatcherInstaller$MainProcess"
93-->[com.squareup.leakcanary:leakcanary-object-watcher-android:2.0] AndroidManifest.xml:9:13-79
94            android:authorities="com.proxorov.mvvmtry.leakcanary-installer"
94-->[com.squareup.leakcanary:leakcanary-object-watcher-android:2.0] AndroidManifest.xml:10:13-72
95            android:exported="false" />
95-->[com.squareup.leakcanary:leakcanary-object-watcher-android:2.0] AndroidManifest.xml:11:13-37
96    </application>
97
98</manifest>